---------------------------------------------------------------
[ 2020-06-24T18:43:40+08:00 ] 172.17.0.1 GET localhost/crm/public/index.php
[运行时间：0.129217s] [吞吐率：7.74req/s] [内存消耗：2,407.26kb] [文件加载：53]
[ info ] [ LANG ] /var/www/html/crm/thinkphp/lang/zh-cn.php
[ info ] [ ROUTE ] array (
  'type' => 'module',
  'module' => 
  array (
    0 => '',
    1 => NULL,
    2 => NULL,
  ),
)
[ info ] [ HEADER ] array (
  'host' => 'localhost',
  'accept' => 'text/html,application/xhtml+xml,application/xml;q=0.9,*/*;q=0.8',
  'upgrade-insecure-requests' => '1',
  'cookie' => 'thinkphp_show_page_trace=0|0; pgv_si=s1175921664; pgv_pvi=2958057472',
  'user-agent' => 'Mozilla/5.0 (Macintosh; Intel Mac OS X 10_15_5) AppleWebKit/605.1.15 (KHTML, like Gecko) Version/13.1.1 Safari/605.1.15',
  'accept-language' => 'zh-cn',
  'accept-encoding' => 'gzip, deflate',
  'connection' => 'keep-alive',
  'content-type' => '',
  'content-length' => '',
)
[ info ] [ PARAM ] array (
)
[ info ] [ RUN ] app\index\controller\Index->index[ /var/www/html/crm/application/index/controller/Index.php ]
[ info ] [ LOG ] INIT File
---------------------------------------------------------------
[ 2020-06-24T18:44:42+08:00 ] 172.17.0.1 GET localhost/crm/
[运行时间：0.154701s] [吞吐率：6.46req/s] [内存消耗：2,413.39kb] [文件加载：53]
[ info ] [ LANG ] /var/www/html/crm/thinkphp/lang/zh-cn.php
[ info ] [ ROUTE ] array (
  'type' => 'module',
  'module' => 
  array (
    0 => '',
    1 => NULL,
    2 => NULL,
  ),
)
[ info ] [ HEADER ] array (
  'host' => 'localhost',
  'accept' => 'text/html,application/xhtml+xml,application/xml;q=0.9,*/*;q=0.8',
  'upgrade-insecure-requests' => '1',
  'cookie' => 'thinkphp_show_page_trace=0|0; pgv_si=s1175921664; pgv_pvi=2958057472',
  'user-agent' => 'Mozilla/5.0 (Macintosh; Intel Mac OS X 10_15_5) AppleWebKit/605.1.15 (KHTML, like Gecko) Version/13.1.1 Safari/605.1.15',
  'accept-language' => 'zh-cn',
  'accept-encoding' => 'gzip, deflate',
  'connection' => 'keep-alive',
  'content-type' => '',
  'content-length' => '',
)
[ info ] [ PARAM ] array (
)
[ info ] [ RUN ] app\index\controller\Index->index[ /var/www/html/crm/application/index/controller/Index.php ]
[ info ] [ LOG ] INIT File
---------------------------------------------------------------
[ 2020-06-24T18:44:50+08:00 ] 172.17.0.1 GET localhost/crm/admin/login/index
[运行时间：0.276020s] [吞吐率：3.62req/s] [内存消耗：3,765.34kb] [文件加载：67]
[ info ] [ LANG ] /var/www/html/crm/thinkphp/lang/zh-cn.php
[ info ] [ ROUTE ] array (
  'type' => 'module',
  'module' => 
  array (
    0 => 'admin',
    1 => 'login',
    2 => 'index',
  ),
)
[ info ] [ HEADER ] array (
  'x-access-appid' => 'ty9fd2848a039ab554',
  'user-agent' => 'PostmanRuntime/7.25.0',
  'accept' => '*/*',
  'postman-token' => '3e2f1cb0-11bc-49fb-ad10-f31dc3cd5dae',
  'host' => 'localhost',
  'accept-encoding' => 'gzip, deflate, br',
  'connection' => 'keep-alive',
  'content-type' => '',
  'content-length' => '',
)
[ info ] [ PARAM ] array (
)
[ info ] [ DB ] INIT mysql
[ info ] [ LOG ] INIT File
---------------------------------------------------------------
[ 2020-06-24T18:47:12+08:00 ] 172.17.0.1 GET localhost/crm/admin/login/index
[运行时间：0.191221s] [吞吐率：5.23req/s] [内存消耗：3,830.59kb] [文件加载：70]
[ info ] [ LANG ] /var/www/html/crm/thinkphp/lang/zh-cn.php
[ info ] [ ROUTE ] array (
  'type' => 'module',
  'module' => 
  array (
    0 => 'admin',
    1 => 'login',
    2 => 'index',
  ),
)
[ info ] [ HEADER ] array (
  'x-access-appid' => 'ty9fd2848a039ab554',
  'user-agent' => 'PostmanRuntime/7.25.0',
  'accept' => '*/*',
  'postman-token' => '765726e7-1371-4dcb-948e-b128ad2c4135',
  'host' => 'localhost',
  'accept-encoding' => 'gzip, deflate, br',
  'connection' => 'keep-alive',
  'content-type' => '',
  'content-length' => '',
)
[ info ] [ PARAM ] array (
)
[ info ] [ DB ] INIT mysql
[ info ] [ LOG ] INIT File
